<?xml version="1.0" encoding="UTF-8"?>
<testng-results skipped="0" failed="0" total="1" passed="1">
  <reporter-output>
  </reporter-output>
  <suite name="Default suite" duration-ms="25456" started-at="2016-03-29T02:39:49Z" finished-at="2016-03-29T02:40:14Z">
    <groups>
    </groups>
    <test name="Default test" duration-ms="25456" started-at="2016-03-29T02:39:49Z" finished-at="2016-03-29T02:40:14Z">
      <class name="testscripts.TCLOGIN">
        <test-method status="PASS" signature="beforeclass()[pri:0, instance:testscripts.TCLOGIN@1888ff2c]" name="beforeclass" is-config="true" duration-ms="742" started-at="2016-03-28T21:39:49Z" finished-at="2016-03-28T21:39:50Z">
          <reporter-output>
          </reporter-output>
        </test-method> <!-- beforeclass -->
        <test-method status="PASS" signature="VerifyLoginPage()[pri:0, instance:testscripts.TCLOGIN@1888ff2c]" name="VerifyLoginPage" duration-ms="24682" started-at="2016-03-28T21:39:50Z" finished-at="2016-03-28T21:40:14Z">
          <reporter-output>
          </reporter-output>
        </test-method> <!-- VerifyLoginPage -->
      </class> <!-- testscripts.TCLOGIN -->
    </test> <!-- Default test -->
  </suite> <!-- Default suite -->
</testng-results>
