<?xml version="1.0" encoding="UTF-8"?>
<testng-results skipped="0" failed="0" ignored="0" total="1" passed="1">
  <reporter-output>
  </reporter-output>
  <suite name="Default suite" duration-ms="9378" started-at="2017-03-07T05:05:52Z" finished-at="2017-03-07T05:06:01Z">
    <groups>
    </groups>
    <test name="Default test" duration-ms="9378" started-at="2017-03-07T05:05:52Z" finished-at="2017-03-07T05:06:01Z">
      <class name="grid.GridDemo">
        <test-method status="PASS" signature="openBrowser()[pri:0, instance:grid.GridDemo@1774679]" name="openBrowser" is-config="true" duration-ms="7091" started-at="2017-03-07T10:35:52Z" finished-at="2017-03-07T10:35:59Z">
          <reporter-output>
          </reporter-output>
        </test-method> <!-- openBrowser -->
        <test-method status="PASS" signature="doSearch()[pri:0, instance:grid.GridDemo@1774679]" name="doSearch" duration-ms="1010" started-at="2017-03-07T10:35:59Z" finished-at="2017-03-07T10:36:00Z">
          <reporter-output>
          </reporter-output>
        </test-method> <!-- doSearch -->
        <test-method status="PASS" signature="closeBrowser()[pri:0, instance:grid.GridDemo@1774679]" name="closeBrowser" is-config="true" duration-ms="1260" started-at="2017-03-07T10:36:00Z" finished-at="2017-03-07T10:36:01Z">
          <reporter-output>
          </reporter-output>
        </test-method> <!-- closeBrowser -->
      </class> <!-- grid.GridDemo -->
    </test> <!-- Default test -->
  </suite> <!-- Default suite -->
</testng-results>
