<?xml version="1.0" encoding="UTF-8"?>
<!-- Generated by org.testng.reporters.JUnitXMLReporter -->
<testsuite hostname="dell-PC" name="Test" tests="6" failures="0" timestamp="15 Feb 2017 05:11:27 GMT" time="120.824" errors="0">
  <testcase name="doSearch" time="4.059" classname="search.Yahoo"/>
  <testcase name="doSearch" time="4.978" classname="search.Yahoo"/>
  <testcase name="doSearch" time="5.964" classname="search.Yahoo"/>
  <testcase name="doSearch" time="13.389" classname="search.Google"/>
  <testcase name="doSearch" time="2.3" classname="search.Google"/>
  <testcase name="doSearch" time="2.298" classname="search.Google"/>
</testsuite> <!-- Test -->
