<?xml version="1.0" encoding="UTF-8"?>
<!-- Generated by org.testng.reporters.JUnitXMLReporter -->
<testsuite hostname="dell-PC" name="Test" tests="4" failures="0" timestamp="15 Feb 2017 04:53:58 GMT" time="0.062" errors="0">
  <testcase name="test1A" time="0.015" classname="search.ClassA"/>
  <testcase name="test2A" time="0.0" classname="search.ClassA"/>
  <testcase name="test1B" time="0.0" classname="search.ClassB"/>
  <testcase name="test2B" time="0.0" classname="search.ClassB"/>
</testsuite> <!-- Test -->
