<?xml version="1.0" encoding="UTF-8"?>
<testng-results skipped="0" failed="0" total="3" passed="3">
  <reporter-output>
  </reporter-output>
  <suite name="Default suite" duration-ms="54" started-at="2017-02-09T05:23:13Z" finished-at="2017-02-09T05:23:13Z">
    <groups>
    </groups>
    <test name="Default test" duration-ms="54" started-at="2017-02-09T05:23:13Z" finished-at="2017-02-09T05:23:13Z">
      <class name="TestNGDemo2">
        <test-method status="PASS" signature="login()[pri:1, instance:TestNGDemo2@32e6e9c3]" name="login" duration-ms="14" started-at="2017-02-09T10:53:13Z" finished-at="2017-02-09T10:53:13Z">
          <reporter-output>
          </reporter-output>
        </test-method> <!-- login -->
        <test-method status="PASS" signature="balTF()[pri:2, instance:TestNGDemo2@32e6e9c3]" name="balTF" duration-ms="3" started-at="2017-02-09T10:53:13Z" finished-at="2017-02-09T10:53:13Z">
          <reporter-output>
          </reporter-output>
        </test-method> <!-- balTF -->
        <test-method status="PASS" signature="logout()[pri:3, instance:TestNGDemo2@32e6e9c3]" name="logout" duration-ms="3" started-at="2017-02-09T10:53:13Z" finished-at="2017-02-09T10:53:13Z">
          <reporter-output>
          </reporter-output>
        </test-method> <!-- logout -->
      </class> <!-- TestNGDemo2 -->
    </test> <!-- Default test -->
  </suite> <!-- Default suite -->
</testng-results>
